<?xml version="1.0" encoding="UTF-8"?>
<!-- Generated by org.testng.reporters.JUnitReportReporter -->
<testsuite hostname="Camilo-ASUS" failures="0" tests="10" name="cucumber.TestNGRunner" time="24.705" errors="0" timestamp="2024-06-20T22:21:30 COT" skipped="0">
  <testcase classname="cucumber.TestNGRunner" name="runScenario" time="2.411"/>
  <testcase classname="cucumber.TestNGRunner" name="runScenario" time="2.504"/>
  <testcase classname="cucumber.TestNGRunner" name="runScenario" time="2.282"/>
  <testcase classname="cucumber.TestNGRunner" name="runScenario" time="2.168"/>
  <testcase classname="cucumber.TestNGRunner" name="runScenario" time="3.826"/>
  <testcase classname="cucumber.TestNGRunner" name="runScenario" time="2.320"/>
  <testcase classname="cucumber.TestNGRunner" name="runScenario" time="2.250"/>
  <testcase classname="cucumber.TestNGRunner" name="runScenario" time="2.165"/>
  <testcase classname="cucumber.TestNGRunner" name="runScenario" time="2.388"/>
  <testcase classname="cucumber.TestNGRunner" name="runScenario" time="2.391"/>
</testsuite> <!-- cucumber.TestNGRunner -->
