<?xml version="1.0" encoding="UTF-8"?>
<!-- Generated by org.testng.reporters.JUnitReportReporter -->
<testsuite hostname="Camilo-ASUS" failures="0" tests="7" name="cucumber.TestNGRunner" time="12.391" errors="0" timestamp="2024-05-30T20:42:14 COT" skipped="0">
  <testcase classname="cucumber.TestNGRunner" name="runScenario" time="1.670"/>
  <testcase classname="cucumber.TestNGRunner" name="runScenario" time="2.278"/>
  <testcase classname="cucumber.TestNGRunner" name="runScenario" time="1.836"/>
  <testcase classname="cucumber.TestNGRunner" name="runScenario" time="1.726"/>
  <testcase classname="cucumber.TestNGRunner" name="runScenario" time="1.591"/>
  <testcase classname="cucumber.TestNGRunner" name="runScenario" time="1.648"/>
  <testcase classname="cucumber.TestNGRunner" name="runScenario" time="1.642"/>
</testsuite> <!-- cucumber.TestNGRunner -->
