<?xml version="1.0" encoding="UTF-8"?>
<!-- Generated by org.testng.reporters.JUnitReportReporter -->
<testsuite hostname="Camilo-ASUS" failures="0" tests="3" name="saucedemo.test.ProductTest" time="5.627" errors="0" timestamp="2024-05-29T21:35:01 COT" skipped="0">
  <testcase classname="saucedemo.test.ProductTest" name="selectProduct" time="1.991"/>
  <testcase classname="saucedemo.test.ProductTest" name="orderProductsDescending" time="1.698"/>
  <testcase classname="saucedemo.test.ProductTest" name="orderProductsAscending" time="1.938"/>
</testsuite> <!-- saucedemo.test.ProductTest -->
