<?xml version="1.0" encoding="UTF-8"?>
<!-- Generated by org.testng.reporters.JUnitReportReporter -->
<testsuite hostname="Camilo-ASUS" failures="0" tests="1" name="saucedemo.test.LoginTest" time="2.445" errors="0" timestamp="2024-05-29T21:27:21 COT" skipped="0">
  <testcase classname="saucedemo.test.LoginTest" name="successfullLogin" time="2.445"/>
</testsuite> <!-- saucedemo.test.LoginTest -->
