<?xml version="1.0" encoding="UTF-8"?>
<!-- Generated by org.testng.reporters.JUnitReportReporter -->
<testsuite hostname="Camilo-ASUS" failures="0" tests="1" name="cucumber.TestNGRunner" time="2.214" errors="0" timestamp="2024-05-29T22:47:17 COT" skipped="0">
  <testcase classname="cucumber.TestNGRunner" name="runScenario" time="2.214"/>
</testsuite> <!-- cucumber.TestNGRunner -->
