<?xml version="1.0" encoding="UTF-8"?>
<!-- Generated by org.testng.reporters.JUnitReportReporter -->
<testsuite hostname="Camilo-ASUS" failures="0" tests="3" name="saucedemo.test.ProductTest" time="5.787" errors="0" timestamp="2024-05-29T21:27:21 COT" skipped="0">
  <testcase classname="saucedemo.test.ProductTest" name="orderProductsAscending" time="1.691"/>
  <testcase classname="saucedemo.test.ProductTest" name="selectProduct" time="2.168"/>
  <testcase classname="saucedemo.test.ProductTest" name="orderProductsDescending" time="1.928"/>
</testsuite> <!-- saucedemo.test.ProductTest -->
