<?xml version="1.0" encoding="UTF-8"?>
<!-- Generated by org.testng.reporters.JUnitReportReporter -->
<testsuite hostname="Camilo-ASUS" failures="0" tests="2" name="cucumber.TestNGRunner" time="7.582" errors="0" timestamp="2024-07-29T23:04:01 COT" skipped="0">
  <testcase classname="cucumber.TestNGRunner" name="runScenario" time="3.434"/>
  <testcase classname="cucumber.TestNGRunner" name="runScenario" time="4.148"/>
</testsuite> <!-- cucumber.TestNGRunner -->
