<?xml version="1.0" encoding="UTF-8"?>
<!-- Generated by org.testng.reporters.JUnitReportReporter -->
<testsuite hostname="Camilo-ASUS" failures="0" tests="1" name="cucumber.TestNGRunner" time="3.469" errors="1" timestamp="2024-07-31T21:56:05 COT" skipped="0">
  <testcase classname="cucumber.TestNGRunner" name="runScenario" time="3.469">
    <error message="Cannot invoke &quot;saucedemo.pageObjects.ProductPage.logOut()&quot; because &quot;this.productPage&quot; is null" type="java.lang.NullPointerException">
      <![CDATA[java.lang.NullPointerException: Cannot invoke "saucedemo.pageObjects.ProductPage.logOut()" because "this.productPage" is null
at saucedemo.stepDefinitions.LoginSteps.clickOnLogout(LoginSteps.java:84)
at âœ½.I click on Logout(file:///C:/Users/camil/eclipse-workspace/SauceDemoProject/src/test/java/cucumber/Login.feature:36)
]]>
    </error>
  </testcase> <!-- runScenario -->
</testsuite> <!-- cucumber.TestNGRunner -->
