<?xml version="1.0" encoding="UTF-8"?>
<!-- Generated by org.testng.reporters.JUnitReportReporter -->
<testsuite hostname="Camilo-ASUS" failures="0" tests="1" name="saucedemo.test.LoginTest" time="2.037" errors="0" timestamp="2024-05-29T11:07:37 COT" skipped="0">
  <testcase classname="saucedemo.test.LoginTest" name="successfullLogin" time="2.037"/>
</testsuite> <!-- saucedemo.test.LoginTest -->
