<?xml version="1.0" encoding="UTF-8"?>
<!-- Generated by org.testng.reporters.JUnitReportReporter -->
<testsuite hostname="Camilo-ASUS" failures="0" tests="8" name="cucumber.TestNGRunner" time="21.082" errors="0" timestamp="2024-05-30T21:24:06 COT" skipped="0">
  <testcase classname="cucumber.TestNGRunner" name="runScenario" time="1.751"/>
  <testcase classname="cucumber.TestNGRunner" name="runScenario" time="2.006"/>
  <testcase classname="cucumber.TestNGRunner" name="runScenario" time="2.881"/>
  <testcase classname="cucumber.TestNGRunner" name="runScenario" time="2.824"/>
  <testcase classname="cucumber.TestNGRunner" name="runScenario" time="2.063"/>
  <testcase classname="cucumber.TestNGRunner" name="runScenario" time="2.298"/>
  <testcase classname="cucumber.TestNGRunner" name="runScenario" time="4.782"/>
  <testcase classname="cucumber.TestNGRunner" name="runScenario" time="2.477"/>
</testsuite> <!-- cucumber.TestNGRunner -->
