<?xml version="1.0" encoding="UTF-8"?>
<!-- Generated by org.testng.reporters.JUnitReportReporter -->
<testsuite hostname="Camilo-ASUS" failures="0" tests="3" name="saucedemo.test.ProductTest" time="6.099" errors="0" timestamp="2024-05-29T22:10:30 COT" skipped="0">
  <testcase classname="saucedemo.test.ProductTest" name="selectProduct" time="2.046"/>
  <testcase classname="saucedemo.test.ProductTest" name="orderProductsDescending" time="1.810"/>
  <testcase classname="saucedemo.test.ProductTest" name="orderProductsAscending" time="2.243"/>
</testsuite> <!-- saucedemo.test.ProductTest -->
