<?xml version="1.0" encoding="UTF-8"?>
<!-- Generated by org.testng.reporters.JUnitReportReporter -->
<testsuite hostname="Camilo-ASUS" failures="0" tests="1" name="cucumber.TestNGRunner" time="4.048" errors="0" timestamp="2024-06-19T21:39:38 COT" skipped="0">
  <testcase classname="cucumber.TestNGRunner" name="runScenario" time="4.048"/>
</testsuite> <!-- cucumber.TestNGRunner -->
