<?xml version="1.0" encoding="UTF-8"?>
<!-- Generated by org.testng.reporters.JUnitReportReporter -->
<testsuite hostname="Camilo-ASUS" failures="0" tests="1" name="saucedemo.test.LoginTest" time="2.728" errors="0" timestamp="2024-05-29T22:10:30 COT" skipped="0">
  <testcase classname="saucedemo.test.LoginTest" name="successfulLogin" time="2.728"/>
</testsuite> <!-- saucedemo.test.LoginTest -->
