<?xml version="1.0" encoding="UTF-8"?>
<!-- Generated by org.testng.reporters.JUnitReportReporter -->
<testsuite hostname="Camilo-ASUS" failures="0" tests="9" name="cucumber.TestNGRunner" time="16.811" errors="0" timestamp="2024-06-04T22:07:23 COT" skipped="0">
  <testcase classname="cucumber.TestNGRunner" name="runScenario" time="1.761"/>
  <testcase classname="cucumber.TestNGRunner" name="runScenario" time="1.749"/>
  <testcase classname="cucumber.TestNGRunner" name="runScenario" time="1.794"/>
  <testcase classname="cucumber.TestNGRunner" name="runScenario" time="2.519"/>
  <testcase classname="cucumber.TestNGRunner" name="runScenario" time="1.704"/>
  <testcase classname="cucumber.TestNGRunner" name="runScenario" time="2.051"/>
  <testcase classname="cucumber.TestNGRunner" name="runScenario" time="1.567"/>
  <testcase classname="cucumber.TestNGRunner" name="runScenario" time="1.788"/>
  <testcase classname="cucumber.TestNGRunner" name="runScenario" time="1.878"/>
</testsuite> <!-- cucumber.TestNGRunner -->
